<?xml version="1.0" encoding="UTF-8"?>
<testsuite name="com.sharetreats.domain.service.DepartmentCreatorTest" tests="8" skipped="0" failures="0" errors="0" timestamp="2023-06-29T03:27:02" hostname="sagwachaeg.local" time="0.018">
  <properties/>
  <testcase name="그룹은_중복되어_생성될_수_없다()" classname="com.sharetreats.domain.service.DepartmentCreatorTest" time="0.001"/>
  <testcase name="[1] -1" classname="com.sharetreats.domain.service.DepartmentCreatorTest" time="0.001"/>
  <testcase name="[2] 1001" classname="com.sharetreats.domain.service.DepartmentCreatorTest" time="0.001"/>
  <testcase name="[1] a" classname="com.sharetreats.domain.service.DepartmentCreatorTest" time="0.001"/>
  <testcase name="[2] ㅁ" classname="com.sharetreats.domain.service.DepartmentCreatorTest" time="0.001"/>
  <testcase name="[3] 1" classname="com.sharetreats.domain.service.DepartmentCreatorTest" time="0.001"/>
  <testcase name="[4] @" classname="com.sharetreats.domain.service.DepartmentCreatorTest" time="0.0"/>
  <testcase name="그룹_생성_정상_작동()" classname="com.sharetreats.domain.service.DepartmentCreatorTest" time="0.001"/>
  <system-out><![CDATA[]]></system-out>
  <system-err><![CDATA[]]></system-err>
</testsuite>
